

*******************************************************************************
Thu Apr  6 12:49:49 2017


FIT:    data read from 'averages.csv' u ($1):($2)
        format = x:z
        x range restricted to [1.00000 : 30.0000]
        #datapoints = 23
        residuals are weighted equally (unit weight)

function used for fitting: f(x)
	f(x) = a1*x**2 + b1*x + c1
fitted parameters initialized with current variable values

iter      chisq       delta/lim  lambda   a1            b1            c1           
   0 1.1359612281e+06   0.00e+00  1.44e+02    1.000000e+00   1.000000e+00   1.000000e+00
   5 3.9587824461e+01  -2.66e-02  1.44e-03    3.805092e-02   2.299994e+00   1.693612e+00

After 5 iterations the fit converged.
final sum of squares of residuals : 39.5878
rel. change during last iteration : -2.663e-07

degrees of freedom    (FIT_NDF)                        : 20
rms of residuals      (FIT_STDFIT) = sqrt(WSSR/ndf)    : 1.40691
variance of residuals (reduced chisquare) = WSSR/ndf   : 1.97939

Final set of parameters            Asymptotic Standard Error
=======================            ==========================
a1              = 0.0380509        +/- 0.007476     (19.65%)
b1              = 2.29999          +/- 0.1848       (8.034%)
c1              = 1.69361          +/- 0.9626       (56.84%)

correlation matrix of the fit parameters:
                a1     b1     c1     
a1              1.000 
b1             -0.971  1.000 
c1              0.777 -0.886  1.000 


*******************************************************************************
Thu Apr  6 12:49:49 2017


FIT:    data read from 'averages.csv' u ($1):($3)
        format = x:z
        x range restricted to [1.00000 : 30.0000]
        #datapoints = 23
        residuals are weighted equally (unit weight)

function used for fitting: g(x)
	g(x) = a2*x**2 + b2*x + c2
fitted parameters initialized with current variable values

iter      chisq       delta/lim  lambda   a2            b2            c2           
   0 1.4318291658e+06   0.00e+00  1.44e+02    1.000000e+00   1.000000e+00   1.000000e+00
   5 1.4751083067e+02  -3.27e-01  1.44e-03    6.920296e-03   6.914519e-01   4.098336e+00

After 5 iterations the fit converged.
final sum of squares of residuals : 147.511
rel. change during last iteration : -3.27075e-06

degrees of freedom    (FIT_NDF)                        : 20
rms of residuals      (FIT_STDFIT) = sqrt(WSSR/ndf)    : 2.71579
variance of residuals (reduced chisquare) = WSSR/ndf   : 7.37554

Final set of parameters            Asymptotic Standard Error
=======================            ==========================
a2              = 0.0069203        +/- 0.01443      (208.5%)
b2              = 0.691452         +/- 0.3567       (51.59%)
c2              = 4.09834          +/- 1.858        (45.34%)

correlation matrix of the fit parameters:
                a2     b2     c2     
a2              1.000 
b2             -0.971  1.000 
c2              0.777 -0.886  1.000 


*******************************************************************************
Thu Apr  6 12:49:49 2017


FIT:    data read from 'averages.csv' u ($1):($4)
        format = x:z
        x range restricted to [1.00000 : 30.0000]
        #datapoints = 23
        residuals are weighted equally (unit weight)

function used for fitting: h(x)
	h(x) = a3*x**2 + b3*x + c3
fitted parameters initialized with current variable values

iter      chisq       delta/lim  lambda   a3            b3            c3           
   0 1.5689117783e+06   0.00e+00  1.44e+02    1.000000e+00   1.000000e+00   1.000000e+00
   6 9.4985595871e-02  -2.31e-06  1.44e-04    1.443936e-03  -1.960366e-02   2.945862e+00

After 6 iterations the fit converged.
final sum of squares of residuals : 0.0949856
rel. change during last iteration : -2.30592e-11

degrees of freedom    (FIT_NDF)                        : 20
rms of residuals      (FIT_STDFIT) = sqrt(WSSR/ndf)    : 0.068915
variance of residuals (reduced chisquare) = WSSR/ndf   : 0.00474928

Final set of parameters            Asymptotic Standard Error
=======================            ==========================
a3              = 0.00144394       +/- 0.0003662    (25.36%)
b3              = -0.0196037       +/- 0.009051     (46.17%)
c3              = 2.94586          +/- 0.04715      (1.601%)

correlation matrix of the fit parameters:
                a3     b3     c3     
a3              1.000 
b3             -0.971  1.000 
c3              0.777 -0.886  1.000 


*******************************************************************************
Thu Apr  6 12:50:26 2017


FIT:    data read from 'averages.csv' u ($1):($2)
        format = x:z
        x range restricted to [1.00000 : 30.0000]
        #datapoints = 23
        residuals are weighted equally (unit weight)

function used for fitting: f(x)
	f(x) = a1*x**2 + b1*x + c1
fitted parameters initialized with current variable values

iter      chisq       delta/lim  lambda   a1            b1            c1           
   0 1.1359612281e+06   0.00e+00  1.44e+02    1.000000e+00   1.000000e+00   1.000000e+00
   5 3.9587824461e+01  -2.66e-02  1.44e-03    3.805092e-02   2.299994e+00   1.693612e+00

After 5 iterations the fit converged.
final sum of squares of residuals : 39.5878
rel. change during last iteration : -2.663e-07

degrees of freedom    (FIT_NDF)                        : 20
rms of residuals      (FIT_STDFIT) = sqrt(WSSR/ndf)    : 1.40691
variance of residuals (reduced chisquare) = WSSR/ndf   : 1.97939

Final set of parameters            Asymptotic Standard Error
=======================            ==========================
a1              = 0.0380509        +/- 0.007476     (19.65%)
b1              = 2.29999          +/- 0.1848       (8.034%)
c1              = 1.69361          +/- 0.9626       (56.84%)

correlation matrix of the fit parameters:
                a1     b1     c1     
a1              1.000 
b1             -0.971  1.000 
c1              0.777 -0.886  1.000 


*******************************************************************************
Thu Apr  6 12:50:26 2017


FIT:    data read from 'averages.csv' u ($1):($3)
        format = x:z
        x range restricted to [1.00000 : 30.0000]
        #datapoints = 23
        residuals are weighted equally (unit weight)

function used for fitting: g(x)
	g(x) = a2*x**2 + b2*x + c2
fitted parameters initialized with current variable values

iter      chisq       delta/lim  lambda   a2            b2            c2           
   0 1.4318291658e+06   0.00e+00  1.44e+02    1.000000e+00   1.000000e+00   1.000000e+00
   5 1.4751083067e+02  -3.27e-01  1.44e-03    6.920296e-03   6.914519e-01   4.098336e+00

After 5 iterations the fit converged.
final sum of squares of residuals : 147.511
rel. change during last iteration : -3.27075e-06

degrees of freedom    (FIT_NDF)                        : 20
rms of residuals      (FIT_STDFIT) = sqrt(WSSR/ndf)    : 2.71579
variance of residuals (reduced chisquare) = WSSR/ndf   : 7.37554

Final set of parameters            Asymptotic Standard Error
=======================            ==========================
a2              = 0.0069203        +/- 0.01443      (208.5%)
b2              = 0.691452         +/- 0.3567       (51.59%)
c2              = 4.09834          +/- 1.858        (45.34%)

correlation matrix of the fit parameters:
                a2     b2     c2     
a2              1.000 
b2             -0.971  1.000 
c2              0.777 -0.886  1.000 


*******************************************************************************
Thu Apr  6 12:50:26 2017


FIT:    data read from 'averages.csv' u ($1):($4)
        format = x:z
        x range restricted to [1.00000 : 30.0000]
        #datapoints = 23
        residuals are weighted equally (unit weight)

function used for fitting: h(x)
	h(x) = a3*x**2 + b3*x + c3
fitted parameters initialized with current variable values

iter      chisq       delta/lim  lambda   a3            b3            c3           
   0 1.5689117783e+06   0.00e+00  1.44e+02    1.000000e+00   1.000000e+00   1.000000e+00
   6 9.4985595871e-02  -2.31e-06  1.44e-04    1.443936e-03  -1.960366e-02   2.945862e+00

After 6 iterations the fit converged.
final sum of squares of residuals : 0.0949856
rel. change during last iteration : -2.30592e-11

degrees of freedom    (FIT_NDF)                        : 20
rms of residuals      (FIT_STDFIT) = sqrt(WSSR/ndf)    : 0.068915
variance of residuals (reduced chisquare) = WSSR/ndf   : 0.00474928

Final set of parameters            Asymptotic Standard Error
=======================            ==========================
a3              = 0.00144394       +/- 0.0003662    (25.36%)
b3              = -0.0196037       +/- 0.009051     (46.17%)
c3              = 2.94586          +/- 0.04715      (1.601%)

correlation matrix of the fit parameters:
                a3     b3     c3     
a3              1.000 
b3             -0.971  1.000 
c3              0.777 -0.886  1.000 


*******************************************************************************
Fri Apr  7 13:51:24 2017


FIT:    data read from 'averages.csv' u ($1):($2)
        format = x:z
        x range restricted to [1.00000 : 30.0000]
        #datapoints = 30
        residuals are weighted equally (unit weight)

function used for fitting: f(x)
	f(x) = a1*x**2 + b1*x + c1
fitted parameters initialized with current variable values

iter      chisq       delta/lim  lambda   a1            b1            c1           
   0 4.4456141214e+06   0.00e+00  2.42e+02    1.000000e+00   1.000000e+00   1.000000e+00
   5 8.7528401165e+01  -3.21e-01  2.42e-03    1.122064e-02   2.750342e+00   4.911481e-01

After 5 iterations the fit converged.
final sum of squares of residuals : 87.5284
rel. change during last iteration : -3.21338e-06

degrees of freedom    (FIT_NDF)                        : 27
rms of residuals      (FIT_STDFIT) = sqrt(WSSR/ndf)    : 1.8005
variance of residuals (reduced chisquare) = WSSR/ndf   : 3.24179

Final set of parameters            Asymptotic Standard Error
=======================            ==========================
a1              = 0.0112206        +/- 0.004914     (43.79%)
b1              = 2.75034          +/- 0.157        (5.708%)
c1              = 0.491148         +/- 1.056        (215%)

correlation matrix of the fit parameters:
                a1     b1     c1     
a1              1.000 
b1             -0.970  1.000 
c1              0.770 -0.882  1.000 


*******************************************************************************
Fri Apr  7 13:51:24 2017


FIT:    data read from 'averages.csv' u ($1):($3)
        format = x:z
        x range restricted to [1.00000 : 30.0000]
        #datapoints = 30
        residuals are weighted equally (unit weight)

function used for fitting: g(x)
	g(x) = a2*x**2 + b2*x + c2
fitted parameters initialized with current variable values

iter      chisq       delta/lim  lambda   a2            b2            c2           
   0 5.2918494070e+06   0.00e+00  2.42e+02    1.000000e+00   1.000000e+00   1.000000e+00
   6 2.5546032560e+02  -7.18e-08  2.42e-04    2.760433e-03   7.654905e-01   3.895455e+00

After 6 iterations the fit converged.
final sum of squares of residuals : 255.46
rel. change during last iteration : -7.18274e-13

degrees of freedom    (FIT_NDF)                        : 27
rms of residuals      (FIT_STDFIT) = sqrt(WSSR/ndf)    : 3.07595
variance of residuals (reduced chisquare) = WSSR/ndf   : 9.46149

Final set of parameters            Asymptotic Standard Error
=======================            ==========================
a2              = 0.00276043       +/- 0.008395     (304.1%)
b2              = 0.76549          +/- 0.2682       (35.04%)
c2              = 3.89545          +/- 1.804        (46.3%)

correlation matrix of the fit parameters:
                a2     b2     c2     
a2              1.000 
b2             -0.970  1.000 
c2              0.770 -0.882  1.000 


*******************************************************************************
Fri Apr  7 13:51:24 2017


FIT:    data read from 'averages.csv' u ($1):($4)
        format = x:z
        x range restricted to [1.00000 : 30.0000]
        #datapoints = 30
        residuals are weighted equally (unit weight)

function used for fitting: h(x)
	h(x) = a3*x**2 + b3*x + c3
fitted parameters initialized with current variable values

iter      chisq       delta/lim  lambda   a3            b3            c3           
   0 5.6757433284e+06   0.00e+00  2.42e+02    1.000000e+00   1.000000e+00   1.000000e+00
   6 1.4000031978e-01  -6.19e-05  2.42e-04    1.403226e-04   3.115473e-03   2.881595e+00

After 6 iterations the fit converged.
final sum of squares of residuals : 0.14
rel. change during last iteration : -6.19277e-10

degrees of freedom    (FIT_NDF)                        : 27
rms of residuals      (FIT_STDFIT) = sqrt(WSSR/ndf)    : 0.0720083
variance of residuals (reduced chisquare) = WSSR/ndf   : 0.0051852

Final set of parameters            Asymptotic Standard Error
=======================            ==========================
a3              = 0.000140323      +/- 0.0001965    (140.1%)
b3              = 0.00311547       +/- 0.006279     (201.5%)
c3              = 2.8816           +/- 0.04222      (1.465%)

correlation matrix of the fit parameters:
                a3     b3     c3     
a3              1.000 
b3             -0.970  1.000 
c3              0.770 -0.882  1.000 


*******************************************************************************
Fri Apr  7 14:42:54 2017


FIT:    data read from 'averages.csv' u ($1):($2)
        format = x:z
        x range restricted to [1.00000 : 30.0000]
        #datapoints = 30
        residuals are weighted equally (unit weight)

function used for fitting: f(x)
	f(x) = a1*x**2 + b1*x + c1
fitted parameters initialized with current variable values

iter      chisq       delta/lim  lambda   a1            b1            c1           
   0 4.4456141214e+06   0.00e+00  2.42e+02    1.000000e+00   1.000000e+00   1.000000e+00
   5 8.7528401165e+01  -3.21e-01  2.42e-03    1.122064e-02   2.750342e+00   4.911481e-01

After 5 iterations the fit converged.
final sum of squares of residuals : 87.5284
rel. change during last iteration : -3.21338e-06

degrees of freedom    (FIT_NDF)                        : 27
rms of residuals      (FIT_STDFIT) = sqrt(WSSR/ndf)    : 1.8005
variance of residuals (reduced chisquare) = WSSR/ndf   : 3.24179

Final set of parameters            Asymptotic Standard Error
=======================            ==========================
a1              = 0.0112206        +/- 0.004914     (43.79%)
b1              = 2.75034          +/- 0.157        (5.708%)
c1              = 0.491148         +/- 1.056        (215%)

correlation matrix of the fit parameters:
                a1     b1     c1     
a1              1.000 
b1             -0.970  1.000 
c1              0.770 -0.882  1.000 


*******************************************************************************
Fri Apr  7 14:42:54 2017


FIT:    data read from 'averages.csv' u ($1):($3)
        format = x:z
        x range restricted to [1.00000 : 30.0000]
        #datapoints = 30
        residuals are weighted equally (unit weight)

function used for fitting: g(x)
	g(x) = a2*x**2 + b2*x + c2
fitted parameters initialized with current variable values

iter      chisq       delta/lim  lambda   a2            b2            c2           
   0 5.2918494070e+06   0.00e+00  2.42e+02    1.000000e+00   1.000000e+00   1.000000e+00
   6 2.5546032560e+02  -7.18e-08  2.42e-04    2.760433e-03   7.654905e-01   3.895455e+00

After 6 iterations the fit converged.
final sum of squares of residuals : 255.46
rel. change during last iteration : -7.18274e-13

degrees of freedom    (FIT_NDF)                        : 27
rms of residuals      (FIT_STDFIT) = sqrt(WSSR/ndf)    : 3.07595
variance of residuals (reduced chisquare) = WSSR/ndf   : 9.46149

Final set of parameters            Asymptotic Standard Error
=======================            ==========================
a2              = 0.00276043       +/- 0.008395     (304.1%)
b2              = 0.76549          +/- 0.2682       (35.04%)
c2              = 3.89545          +/- 1.804        (46.3%)

correlation matrix of the fit parameters:
                a2     b2     c2     
a2              1.000 
b2             -0.970  1.000 
c2              0.770 -0.882  1.000 


*******************************************************************************
Fri Apr  7 14:42:54 2017


FIT:    data read from 'averages.csv' u ($1):($4)
        format = x:z
        x range restricted to [1.00000 : 30.0000]
        #datapoints = 30
        residuals are weighted equally (unit weight)

function used for fitting: h(x)
	h(x) = a3*x**2 + b3*x + c3
fitted parameters initialized with current variable values

iter      chisq       delta/lim  lambda   a3            b3            c3           
   0 5.6757433284e+06   0.00e+00  2.42e+02    1.000000e+00   1.000000e+00   1.000000e+00
   6 1.4000031978e-01  -6.19e-05  2.42e-04    1.403226e-04   3.115473e-03   2.881595e+00

After 6 iterations the fit converged.
final sum of squares of residuals : 0.14
rel. change during last iteration : -6.19277e-10

degrees of freedom    (FIT_NDF)                        : 27
rms of residuals      (FIT_STDFIT) = sqrt(WSSR/ndf)    : 0.0720083
variance of residuals (reduced chisquare) = WSSR/ndf   : 0.0051852

Final set of parameters            Asymptotic Standard Error
=======================            ==========================
a3              = 0.000140323      +/- 0.0001965    (140.1%)
b3              = 0.00311547       +/- 0.006279     (201.5%)
c3              = 2.8816           +/- 0.04222      (1.465%)

correlation matrix of the fit parameters:
                a3     b3     c3     
a3              1.000 
b3             -0.970  1.000 
c3              0.770 -0.882  1.000 


*******************************************************************************
Fri Apr  7 14:43:42 2017


FIT:    data read from 'averages.csv' u ($1):($2)
        format = x:z
        x range restricted to [1.00000 : 30.0000]
        #datapoints = 30
        residuals are weighted equally (unit weight)

function used for fitting: f(x)
	f(x) = a1*x**2 + b1*x + c1
fitted parameters initialized with current variable values

iter      chisq       delta/lim  lambda   a1            b1            c1           
   0 4.4456141214e+06   0.00e+00  2.42e+02    1.000000e+00   1.000000e+00   1.000000e+00
   5 8.7528401165e+01  -3.21e-01  2.42e-03    1.122064e-02   2.750342e+00   4.911481e-01

After 5 iterations the fit converged.
final sum of squares of residuals : 87.5284
rel. change during last iteration : -3.21338e-06

degrees of freedom    (FIT_NDF)                        : 27
rms of residuals      (FIT_STDFIT) = sqrt(WSSR/ndf)    : 1.8005
variance of residuals (reduced chisquare) = WSSR/ndf   : 3.24179

Final set of parameters            Asymptotic Standard Error
=======================            ==========================
a1              = 0.0112206        +/- 0.004914     (43.79%)
b1              = 2.75034          +/- 0.157        (5.708%)
c1              = 0.491148         +/- 1.056        (215%)

correlation matrix of the fit parameters:
                a1     b1     c1     
a1              1.000 
b1             -0.970  1.000 
c1              0.770 -0.882  1.000 


*******************************************************************************
Fri Apr  7 14:43:42 2017


FIT:    data read from 'averages.csv' u ($1):($3)
        format = x:z
        x range restricted to [1.00000 : 30.0000]
        #datapoints = 30
        residuals are weighted equally (unit weight)

function used for fitting: g(x)
	g(x) = a2*x**2 + b2*x + c2
fitted parameters initialized with current variable values

iter      chisq       delta/lim  lambda   a2            b2            c2           
   0 5.2918494070e+06   0.00e+00  2.42e+02    1.000000e+00   1.000000e+00   1.000000e+00
   6 2.5546032560e+02  -7.18e-08  2.42e-04    2.760433e-03   7.654905e-01   3.895455e+00

After 6 iterations the fit converged.
final sum of squares of residuals : 255.46
rel. change during last iteration : -7.18274e-13

degrees of freedom    (FIT_NDF)                        : 27
rms of residuals      (FIT_STDFIT) = sqrt(WSSR/ndf)    : 3.07595
variance of residuals (reduced chisquare) = WSSR/ndf   : 9.46149

Final set of parameters            Asymptotic Standard Error
=======================            ==========================
a2              = 0.00276043       +/- 0.008395     (304.1%)
b2              = 0.76549          +/- 0.2682       (35.04%)
c2              = 3.89545          +/- 1.804        (46.3%)

correlation matrix of the fit parameters:
                a2     b2     c2     
a2              1.000 
b2             -0.970  1.000 
c2              0.770 -0.882  1.000 


*******************************************************************************
Fri Apr  7 14:43:42 2017


FIT:    data read from 'averages.csv' u ($1):($4)
        format = x:z
        x range restricted to [1.00000 : 30.0000]
        #datapoints = 30
        residuals are weighted equally (unit weight)

function used for fitting: h(x)
	h(x) = a3*x**2 + b3*x + c3
fitted parameters initialized with current variable values

iter      chisq       delta/lim  lambda   a3            b3            c3           
   0 5.6757433284e+06   0.00e+00  2.42e+02    1.000000e+00   1.000000e+00   1.000000e+00
   6 1.4000031978e-01  -6.19e-05  2.42e-04    1.403226e-04   3.115473e-03   2.881595e+00

After 6 iterations the fit converged.
final sum of squares of residuals : 0.14
rel. change during last iteration : -6.19277e-10

degrees of freedom    (FIT_NDF)                        : 27
rms of residuals      (FIT_STDFIT) = sqrt(WSSR/ndf)    : 0.0720083
variance of residuals (reduced chisquare) = WSSR/ndf   : 0.0051852

Final set of parameters            Asymptotic Standard Error
=======================            ==========================
a3              = 0.000140323      +/- 0.0001965    (140.1%)
b3              = 0.00311547       +/- 0.006279     (201.5%)
c3              = 2.8816           +/- 0.04222      (1.465%)

correlation matrix of the fit parameters:
                a3     b3     c3     
a3              1.000 
b3             -0.970  1.000 
c3              0.770 -0.882  1.000 


*******************************************************************************
Fri Apr  7 14:44:23 2017


FIT:    data read from 'averages.csv' u ($1):($2)
        format = x:z
        x range restricted to [1.00000 : 30.0000]
        #datapoints = 30
        residuals are weighted equally (unit weight)

function used for fitting: f(x)
	f(x) = a1*x**2 + b1*x + c1
fitted parameters initialized with current variable values

iter      chisq       delta/lim  lambda   a1            b1            c1           
   0 4.4456141214e+06   0.00e+00  2.42e+02    1.000000e+00   1.000000e+00   1.000000e+00
   5 8.7528401165e+01  -3.21e-01  2.42e-03    1.122064e-02   2.750342e+00   4.911481e-01

After 5 iterations the fit converged.
final sum of squares of residuals : 87.5284
rel. change during last iteration : -3.21338e-06

degrees of freedom    (FIT_NDF)                        : 27
rms of residuals      (FIT_STDFIT) = sqrt(WSSR/ndf)    : 1.8005
variance of residuals (reduced chisquare) = WSSR/ndf   : 3.24179

Final set of parameters            Asymptotic Standard Error
=======================            ==========================
a1              = 0.0112206        +/- 0.004914     (43.79%)
b1              = 2.75034          +/- 0.157        (5.708%)
c1              = 0.491148         +/- 1.056        (215%)

correlation matrix of the fit parameters:
                a1     b1     c1     
a1              1.000 
b1             -0.970  1.000 
c1              0.770 -0.882  1.000 


*******************************************************************************
Fri Apr  7 14:44:23 2017


FIT:    data read from 'averages.csv' u ($1):($3)
        format = x:z
        x range restricted to [1.00000 : 30.0000]
        #datapoints = 30
        residuals are weighted equally (unit weight)

function used for fitting: g(x)
	g(x) = a2*x**2 + b2*x + c2
fitted parameters initialized with current variable values

iter      chisq       delta/lim  lambda   a2            b2            c2           
   0 5.2918494070e+06   0.00e+00  2.42e+02    1.000000e+00   1.000000e+00   1.000000e+00
   6 2.5546032560e+02  -7.18e-08  2.42e-04    2.760433e-03   7.654905e-01   3.895455e+00

After 6 iterations the fit converged.
final sum of squares of residuals : 255.46
rel. change during last iteration : -7.18274e-13

degrees of freedom    (FIT_NDF)                        : 27
rms of residuals      (FIT_STDFIT) = sqrt(WSSR/ndf)    : 3.07595
variance of residuals (reduced chisquare) = WSSR/ndf   : 9.46149

Final set of parameters            Asymptotic Standard Error
=======================            ==========================
a2              = 0.00276043       +/- 0.008395     (304.1%)
b2              = 0.76549          +/- 0.2682       (35.04%)
c2              = 3.89545          +/- 1.804        (46.3%)

correlation matrix of the fit parameters:
                a2     b2     c2     
a2              1.000 
b2             -0.970  1.000 
c2              0.770 -0.882  1.000 


*******************************************************************************
Fri Apr  7 14:44:23 2017


FIT:    data read from 'averages.csv' u ($1):($4)
        format = x:z
        x range restricted to [1.00000 : 30.0000]
        #datapoints = 30
        residuals are weighted equally (unit weight)

function used for fitting: h(x)
	h(x) = a3*x**2 + b3*x + c3
fitted parameters initialized with current variable values

iter      chisq       delta/lim  lambda   a3            b3            c3           
   0 5.6757433284e+06   0.00e+00  2.42e+02    1.000000e+00   1.000000e+00   1.000000e+00
   6 1.4000031978e-01  -6.19e-05  2.42e-04    1.403226e-04   3.115473e-03   2.881595e+00

After 6 iterations the fit converged.
final sum of squares of residuals : 0.14
rel. change during last iteration : -6.19277e-10

degrees of freedom    (FIT_NDF)                        : 27
rms of residuals      (FIT_STDFIT) = sqrt(WSSR/ndf)    : 0.0720083
variance of residuals (reduced chisquare) = WSSR/ndf   : 0.0051852

Final set of parameters            Asymptotic Standard Error
=======================            ==========================
a3              = 0.000140323      +/- 0.0001965    (140.1%)
b3              = 0.00311547       +/- 0.006279     (201.5%)
c3              = 2.8816           +/- 0.04222      (1.465%)

correlation matrix of the fit parameters:
                a3     b3     c3     
a3              1.000 
b3             -0.970  1.000 
c3              0.770 -0.882  1.000 


*******************************************************************************
Fri Apr  7 14:45:21 2017


FIT:    data read from 'averages.csv' u ($1):($2)
        format = x:z
        x range restricted to [1.00000 : 30.0000]
        #datapoints = 30
        residuals are weighted equally (unit weight)

function used for fitting: f(x)
	f(x) = a1*x**2 + b1*x + c1
fitted parameters initialized with current variable values

iter      chisq       delta/lim  lambda   a1            b1            c1           
   0 4.4456141214e+06   0.00e+00  2.42e+02    1.000000e+00   1.000000e+00   1.000000e+00
   5 8.7528401165e+01  -3.21e-01  2.42e-03    1.122064e-02   2.750342e+00   4.911481e-01

After 5 iterations the fit converged.
final sum of squares of residuals : 87.5284
rel. change during last iteration : -3.21338e-06

degrees of freedom    (FIT_NDF)                        : 27
rms of residuals      (FIT_STDFIT) = sqrt(WSSR/ndf)    : 1.8005
variance of residuals (reduced chisquare) = WSSR/ndf   : 3.24179

Final set of parameters            Asymptotic Standard Error
=======================            ==========================
a1              = 0.0112206        +/- 0.004914     (43.79%)
b1              = 2.75034          +/- 0.157        (5.708%)
c1              = 0.491148         +/- 1.056        (215%)

correlation matrix of the fit parameters:
                a1     b1     c1     
a1              1.000 
b1             -0.970  1.000 
c1              0.770 -0.882  1.000 


*******************************************************************************
Fri Apr  7 14:45:21 2017


FIT:    data read from 'averages.csv' u ($1):($3)
        format = x:z
        x range restricted to [1.00000 : 30.0000]
        #datapoints = 30
        residuals are weighted equally (unit weight)

function used for fitting: g(x)
	g(x) = a2*x**2 + b2*x + c2
fitted parameters initialized with current variable values

iter      chisq       delta/lim  lambda   a2            b2            c2           
   0 5.2918494070e+06   0.00e+00  2.42e+02    1.000000e+00   1.000000e+00   1.000000e+00
   6 2.5546032560e+02  -7.18e-08  2.42e-04    2.760433e-03   7.654905e-01   3.895455e+00

After 6 iterations the fit converged.
final sum of squares of residuals : 255.46
rel. change during last iteration : -7.18274e-13

degrees of freedom    (FIT_NDF)                        : 27
rms of residuals      (FIT_STDFIT) = sqrt(WSSR/ndf)    : 3.07595
variance of residuals (reduced chisquare) = WSSR/ndf   : 9.46149

Final set of parameters            Asymptotic Standard Error
=======================            ==========================
a2              = 0.00276043       +/- 0.008395     (304.1%)
b2              = 0.76549          +/- 0.2682       (35.04%)
c2              = 3.89545          +/- 1.804        (46.3%)

correlation matrix of the fit parameters:
                a2     b2     c2     
a2              1.000 
b2             -0.970  1.000 
c2              0.770 -0.882  1.000 


*******************************************************************************
Fri Apr  7 14:45:21 2017


FIT:    data read from 'averages.csv' u ($1):($4)
        format = x:z
        x range restricted to [1.00000 : 30.0000]
        #datapoints = 30
        residuals are weighted equally (unit weight)

function used for fitting: h(x)
	h(x) = a3*x**2 + b3*x + c3
fitted parameters initialized with current variable values

iter      chisq       delta/lim  lambda   a3            b3            c3           
   0 5.6757433284e+06   0.00e+00  2.42e+02    1.000000e+00   1.000000e+00   1.000000e+00
   6 1.4000031978e-01  -6.19e-05  2.42e-04    1.403226e-04   3.115473e-03   2.881595e+00

After 6 iterations the fit converged.
final sum of squares of residuals : 0.14
rel. change during last iteration : -6.19277e-10

degrees of freedom    (FIT_NDF)                        : 27
rms of residuals      (FIT_STDFIT) = sqrt(WSSR/ndf)    : 0.0720083
variance of residuals (reduced chisquare) = WSSR/ndf   : 0.0051852

Final set of parameters            Asymptotic Standard Error
=======================            ==========================
a3              = 0.000140323      +/- 0.0001965    (140.1%)
b3              = 0.00311547       +/- 0.006279     (201.5%)
c3              = 2.8816           +/- 0.04222      (1.465%)

correlation matrix of the fit parameters:
                a3     b3     c3     
a3              1.000 
b3             -0.970  1.000 
c3              0.770 -0.882  1.000 


*******************************************************************************
Fri Apr  7 14:46:53 2017


FIT:    data read from 'averages.csv' u ($1):($2)
        format = x:z
        x range restricted to [1.00000 : 30.0000]
        #datapoints = 30
        residuals are weighted equally (unit weight)

function used for fitting: f(x)
	f(x) = a1*x**2 + b1*x + c1
fitted parameters initialized with current variable values

iter      chisq       delta/lim  lambda   a1            b1            c1           
   0 4.4456141214e+06   0.00e+00  2.42e+02    1.000000e+00   1.000000e+00   1.000000e+00
   5 8.7528401165e+01  -3.21e-01  2.42e-03    1.122064e-02   2.750342e+00   4.911481e-01

After 5 iterations the fit converged.
final sum of squares of residuals : 87.5284
rel. change during last iteration : -3.21338e-06

degrees of freedom    (FIT_NDF)                        : 27
rms of residuals      (FIT_STDFIT) = sqrt(WSSR/ndf)    : 1.8005
variance of residuals (reduced chisquare) = WSSR/ndf   : 3.24179

Final set of parameters            Asymptotic Standard Error
=======================            ==========================
a1              = 0.0112206        +/- 0.004914     (43.79%)
b1              = 2.75034          +/- 0.157        (5.708%)
c1              = 0.491148         +/- 1.056        (215%)

correlation matrix of the fit parameters:
                a1     b1     c1     
a1              1.000 
b1             -0.970  1.000 
c1              0.770 -0.882  1.000 


*******************************************************************************
Fri Apr  7 14:46:53 2017


FIT:    data read from 'averages.csv' u ($1):($3)
        format = x:z
        x range restricted to [1.00000 : 30.0000]
        #datapoints = 30
        residuals are weighted equally (unit weight)

function used for fitting: g(x)
	g(x) = a2*x**2 + b2*x + c2
fitted parameters initialized with current variable values

iter      chisq       delta/lim  lambda   a2            b2            c2           
   0 5.2918494070e+06   0.00e+00  2.42e+02    1.000000e+00   1.000000e+00   1.000000e+00
   6 2.5546032560e+02  -7.18e-08  2.42e-04    2.760433e-03   7.654905e-01   3.895455e+00

After 6 iterations the fit converged.
final sum of squares of residuals : 255.46
rel. change during last iteration : -7.18274e-13

degrees of freedom    (FIT_NDF)                        : 27
rms of residuals      (FIT_STDFIT) = sqrt(WSSR/ndf)    : 3.07595
variance of residuals (reduced chisquare) = WSSR/ndf   : 9.46149

Final set of parameters            Asymptotic Standard Error
=======================            ==========================
a2              = 0.00276043       +/- 0.008395     (304.1%)
b2              = 0.76549          +/- 0.2682       (35.04%)
c2              = 3.89545          +/- 1.804        (46.3%)

correlation matrix of the fit parameters:
                a2     b2     c2     
a2              1.000 
b2             -0.970  1.000 
c2              0.770 -0.882  1.000 


*******************************************************************************
Fri Apr  7 14:46:53 2017


FIT:    data read from 'averages.csv' u ($1):($4)
        format = x:z
        x range restricted to [1.00000 : 30.0000]
        #datapoints = 30
        residuals are weighted equally (unit weight)

function used for fitting: h(x)
	h(x) = a3*x**2 + b3*x + c3
fitted parameters initialized with current variable values

iter      chisq       delta/lim  lambda   a3            b3            c3           
   0 5.6757433284e+06   0.00e+00  2.42e+02    1.000000e+00   1.000000e+00   1.000000e+00
   6 1.4000031978e-01  -6.19e-05  2.42e-04    1.403226e-04   3.115473e-03   2.881595e+00

After 6 iterations the fit converged.
final sum of squares of residuals : 0.14
rel. change during last iteration : -6.19277e-10

degrees of freedom    (FIT_NDF)                        : 27
rms of residuals      (FIT_STDFIT) = sqrt(WSSR/ndf)    : 0.0720083
variance of residuals (reduced chisquare) = WSSR/ndf   : 0.0051852

Final set of parameters            Asymptotic Standard Error
=======================            ==========================
a3              = 0.000140323      +/- 0.0001965    (140.1%)
b3              = 0.00311547       +/- 0.006279     (201.5%)
c3              = 2.8816           +/- 0.04222      (1.465%)

correlation matrix of the fit parameters:
                a3     b3     c3     
a3              1.000 
b3             -0.970  1.000 
c3              0.770 -0.882  1.000 


*******************************************************************************
Fri Apr  7 14:47:04 2017


FIT:    data read from 'averages.csv' u ($1):($2)
        format = x:z
        x range restricted to [1.00000 : 30.0000]
        #datapoints = 30
        residuals are weighted equally (unit weight)

function used for fitting: f(x)
	f(x) = a1*x**2 + b1*x + c1
fitted parameters initialized with current variable values

iter      chisq       delta/lim  lambda   a1            b1            c1           
   0 4.4456141214e+06   0.00e+00  2.42e+02    1.000000e+00   1.000000e+00   1.000000e+00
   5 8.7528401165e+01  -3.21e-01  2.42e-03    1.122064e-02   2.750342e+00   4.911481e-01

After 5 iterations the fit converged.
final sum of squares of residuals : 87.5284
rel. change during last iteration : -3.21338e-06

degrees of freedom    (FIT_NDF)                        : 27
rms of residuals      (FIT_STDFIT) = sqrt(WSSR/ndf)    : 1.8005
variance of residuals (reduced chisquare) = WSSR/ndf   : 3.24179

Final set of parameters            Asymptotic Standard Error
=======================            ==========================
a1              = 0.0112206        +/- 0.004914     (43.79%)
b1              = 2.75034          +/- 0.157        (5.708%)
c1              = 0.491148         +/- 1.056        (215%)

correlation matrix of the fit parameters:
                a1     b1     c1     
a1              1.000 
b1             -0.970  1.000 
c1              0.770 -0.882  1.000 


*******************************************************************************
Fri Apr  7 14:47:04 2017


FIT:    data read from 'averages.csv' u ($1):($3)
        format = x:z
        x range restricted to [1.00000 : 30.0000]
        #datapoints = 30
        residuals are weighted equally (unit weight)

function used for fitting: g(x)
	g(x) = a2*x**2 + b2*x + c2
fitted parameters initialized with current variable values

iter      chisq       delta/lim  lambda   a2            b2            c2           
   0 5.2918494070e+06   0.00e+00  2.42e+02    1.000000e+00   1.000000e+00   1.000000e+00
   6 2.5546032560e+02  -7.18e-08  2.42e-04    2.760433e-03   7.654905e-01   3.895455e+00

After 6 iterations the fit converged.
final sum of squares of residuals : 255.46
rel. change during last iteration : -7.18274e-13

degrees of freedom    (FIT_NDF)                        : 27
rms of residuals      (FIT_STDFIT) = sqrt(WSSR/ndf)    : 3.07595
variance of residuals (reduced chisquare) = WSSR/ndf   : 9.46149

Final set of parameters            Asymptotic Standard Error
=======================            ==========================
a2              = 0.00276043       +/- 0.008395     (304.1%)
b2              = 0.76549          +/- 0.2682       (35.04%)
c2              = 3.89545          +/- 1.804        (46.3%)

correlation matrix of the fit parameters:
                a2     b2     c2     
a2              1.000 
b2             -0.970  1.000 
c2              0.770 -0.882  1.000 


*******************************************************************************
Fri Apr  7 14:47:04 2017


FIT:    data read from 'averages.csv' u ($1):($4)
        format = x:z
        x range restricted to [1.00000 : 30.0000]
        #datapoints = 30
        residuals are weighted equally (unit weight)

function used for fitting: h(x)
	h(x) = a3*x**2 + b3*x + c3
fitted parameters initialized with current variable values

iter      chisq       delta/lim  lambda   a3            b3            c3           
   0 5.6757433284e+06   0.00e+00  2.42e+02    1.000000e+00   1.000000e+00   1.000000e+00
   6 1.4000031978e-01  -6.19e-05  2.42e-04    1.403226e-04   3.115473e-03   2.881595e+00

After 6 iterations the fit converged.
final sum of squares of residuals : 0.14
rel. change during last iteration : -6.19277e-10

degrees of freedom    (FIT_NDF)                        : 27
rms of residuals      (FIT_STDFIT) = sqrt(WSSR/ndf)    : 0.0720083
variance of residuals (reduced chisquare) = WSSR/ndf   : 0.0051852

Final set of parameters            Asymptotic Standard Error
=======================            ==========================
a3              = 0.000140323      +/- 0.0001965    (140.1%)
b3              = 0.00311547       +/- 0.006279     (201.5%)
c3              = 2.8816           +/- 0.04222      (1.465%)

correlation matrix of the fit parameters:
                a3     b3     c3     
a3              1.000 
b3             -0.970  1.000 
c3              0.770 -0.882  1.000 


*******************************************************************************
Fri Apr  7 14:47:28 2017


FIT:    data read from 'averages.csv' u ($1):($2)
        format = x:z
        x range restricted to [1.00000 : 30.0000]
        #datapoints = 30
        residuals are weighted equally (unit weight)

function used for fitting: f(x)
	f(x) = a1*x**2 + b1*x + c1
fitted parameters initialized with current variable values

iter      chisq       delta/lim  lambda   a1            b1            c1           
   0 4.4456141214e+06   0.00e+00  2.42e+02    1.000000e+00   1.000000e+00   1.000000e+00
   5 8.7528401165e+01  -3.21e-01  2.42e-03    1.122064e-02   2.750342e+00   4.911481e-01

After 5 iterations the fit converged.
final sum of squares of residuals : 87.5284
rel. change during last iteration : -3.21338e-06

degrees of freedom    (FIT_NDF)                        : 27
rms of residuals      (FIT_STDFIT) = sqrt(WSSR/ndf)    : 1.8005
variance of residuals (reduced chisquare) = WSSR/ndf   : 3.24179

Final set of parameters            Asymptotic Standard Error
=======================            ==========================
a1              = 0.0112206        +/- 0.004914     (43.79%)
b1              = 2.75034          +/- 0.157        (5.708%)
c1              = 0.491148         +/- 1.056        (215%)

correlation matrix of the fit parameters:
                a1     b1     c1     
a1              1.000 
b1             -0.970  1.000 
c1              0.770 -0.882  1.000 


*******************************************************************************
Fri Apr  7 14:47:28 2017


FIT:    data read from 'averages.csv' u ($1):($3)
        format = x:z
        x range restricted to [1.00000 : 30.0000]
        #datapoints = 30
        residuals are weighted equally (unit weight)

function used for fitting: g(x)
	g(x) = a2*x**2 + b2*x + c2
fitted parameters initialized with current variable values

iter      chisq       delta/lim  lambda   a2            b2            c2           
   0 5.2918494070e+06   0.00e+00  2.42e+02    1.000000e+00   1.000000e+00   1.000000e+00
   6 2.5546032560e+02  -7.18e-08  2.42e-04    2.760433e-03   7.654905e-01   3.895455e+00

After 6 iterations the fit converged.
final sum of squares of residuals : 255.46
rel. change during last iteration : -7.18274e-13

degrees of freedom    (FIT_NDF)                        : 27
rms of residuals      (FIT_STDFIT) = sqrt(WSSR/ndf)    : 3.07595
variance of residuals (reduced chisquare) = WSSR/ndf   : 9.46149

Final set of parameters            Asymptotic Standard Error
=======================            ==========================
a2              = 0.00276043       +/- 0.008395     (304.1%)
b2              = 0.76549          +/- 0.2682       (35.04%)
c2              = 3.89545          +/- 1.804        (46.3%)

correlation matrix of the fit parameters:
                a2     b2     c2     
a2              1.000 
b2             -0.970  1.000 
c2              0.770 -0.882  1.000 


*******************************************************************************
Fri Apr  7 14:47:28 2017


FIT:    data read from 'averages.csv' u ($1):($4)
        format = x:z
        x range restricted to [1.00000 : 30.0000]
        #datapoints = 30
        residuals are weighted equally (unit weight)

function used for fitting: h(x)
	h(x) = a3*x**2 + b3*x + c3
fitted parameters initialized with current variable values

iter      chisq       delta/lim  lambda   a3            b3            c3           
   0 5.6757433284e+06   0.00e+00  2.42e+02    1.000000e+00   1.000000e+00   1.000000e+00
   6 1.4000031978e-01  -6.19e-05  2.42e-04    1.403226e-04   3.115473e-03   2.881595e+00

After 6 iterations the fit converged.
final sum of squares of residuals : 0.14
rel. change during last iteration : -6.19277e-10

degrees of freedom    (FIT_NDF)                        : 27
rms of residuals      (FIT_STDFIT) = sqrt(WSSR/ndf)    : 0.0720083
variance of residuals (reduced chisquare) = WSSR/ndf   : 0.0051852

Final set of parameters            Asymptotic Standard Error
=======================            ==========================
a3              = 0.000140323      +/- 0.0001965    (140.1%)
b3              = 0.00311547       +/- 0.006279     (201.5%)
c3              = 2.8816           +/- 0.04222      (1.465%)

correlation matrix of the fit parameters:
                a3     b3     c3     
a3              1.000 
b3             -0.970  1.000 
c3              0.770 -0.882  1.000 


*******************************************************************************
Fri Apr  7 14:47:43 2017


FIT:    data read from 'averages.csv' u ($1):($2)
        format = x:z
        x range restricted to [1.00000 : 30.0000]
        #datapoints = 30
        residuals are weighted equally (unit weight)

function used for fitting: f(x)
	f(x) = a1*x**2 + b1*x + c1
fitted parameters initialized with current variable values

iter      chisq       delta/lim  lambda   a1            b1            c1           
   0 4.4456141214e+06   0.00e+00  2.42e+02    1.000000e+00   1.000000e+00   1.000000e+00
   5 8.7528401165e+01  -3.21e-01  2.42e-03    1.122064e-02   2.750342e+00   4.911481e-01

After 5 iterations the fit converged.
final sum of squares of residuals : 87.5284
rel. change during last iteration : -3.21338e-06

degrees of freedom    (FIT_NDF)                        : 27
rms of residuals      (FIT_STDFIT) = sqrt(WSSR/ndf)    : 1.8005
variance of residuals (reduced chisquare) = WSSR/ndf   : 3.24179

Final set of parameters            Asymptotic Standard Error
=======================            ==========================
a1              = 0.0112206        +/- 0.004914     (43.79%)
b1              = 2.75034          +/- 0.157        (5.708%)
c1              = 0.491148         +/- 1.056        (215%)

correlation matrix of the fit parameters:
                a1     b1     c1     
a1              1.000 
b1             -0.970  1.000 
c1              0.770 -0.882  1.000 


*******************************************************************************
Fri Apr  7 14:47:43 2017


FIT:    data read from 'averages.csv' u ($1):($3)
        format = x:z
        x range restricted to [1.00000 : 30.0000]
        #datapoints = 30
        residuals are weighted equally (unit weight)

function used for fitting: g(x)
	g(x) = a2*x**2 + b2*x + c2
fitted parameters initialized with current variable values

iter      chisq       delta/lim  lambda   a2            b2            c2           
   0 5.2918494070e+06   0.00e+00  2.42e+02    1.000000e+00   1.000000e+00   1.000000e+00
   6 2.5546032560e+02  -7.18e-08  2.42e-04    2.760433e-03   7.654905e-01   3.895455e+00

After 6 iterations the fit converged.
final sum of squares of residuals : 255.46
rel. change during last iteration : -7.18274e-13

degrees of freedom    (FIT_NDF)                        : 27
rms of residuals      (FIT_STDFIT) = sqrt(WSSR/ndf)    : 3.07595
variance of residuals (reduced chisquare) = WSSR/ndf   : 9.46149

Final set of parameters            Asymptotic Standard Error
=======================            ==========================
a2              = 0.00276043       +/- 0.008395     (304.1%)
b2              = 0.76549          +/- 0.2682       (35.04%)
c2              = 3.89545          +/- 1.804        (46.3%)

correlation matrix of the fit parameters:
                a2     b2     c2     
a2              1.000 
b2             -0.970  1.000 
c2              0.770 -0.882  1.000 


*******************************************************************************
Fri Apr  7 14:47:43 2017


FIT:    data read from 'averages.csv' u ($1):($4)
        format = x:z
        x range restricted to [1.00000 : 30.0000]
        #datapoints = 30
        residuals are weighted equally (unit weight)

function used for fitting: h(x)
	h(x) = a3*x**2 + b3*x + c3
fitted parameters initialized with current variable values

iter      chisq       delta/lim  lambda   a3            b3            c3           
   0 5.6757433284e+06   0.00e+00  2.42e+02    1.000000e+00   1.000000e+00   1.000000e+00
   6 1.4000031978e-01  -6.19e-05  2.42e-04    1.403226e-04   3.115473e-03   2.881595e+00

After 6 iterations the fit converged.
final sum of squares of residuals : 0.14
rel. change during last iteration : -6.19277e-10

degrees of freedom    (FIT_NDF)                        : 27
rms of residuals      (FIT_STDFIT) = sqrt(WSSR/ndf)    : 0.0720083
variance of residuals (reduced chisquare) = WSSR/ndf   : 0.0051852

Final set of parameters            Asymptotic Standard Error
=======================            ==========================
a3              = 0.000140323      +/- 0.0001965    (140.1%)
b3              = 0.00311547       +/- 0.006279     (201.5%)
c3              = 2.8816           +/- 0.04222      (1.465%)

correlation matrix of the fit parameters:
                a3     b3     c3     
a3              1.000 
b3             -0.970  1.000 
c3              0.770 -0.882  1.000 


*******************************************************************************
Fri Apr  7 14:47:52 2017


FIT:    data read from 'averages.csv' u ($1):($2)
        format = x:z
        x range restricted to [1.00000 : 30.0000]
        #datapoints = 30
        residuals are weighted equally (unit weight)

function used for fitting: f(x)
	f(x) = a1*x**2 + b1*x + c1
fitted parameters initialized with current variable values

iter      chisq       delta/lim  lambda   a1            b1            c1           
   0 4.4456141214e+06   0.00e+00  2.42e+02    1.000000e+00   1.000000e+00   1.000000e+00
   5 8.7528401165e+01  -3.21e-01  2.42e-03    1.122064e-02   2.750342e+00   4.911481e-01

After 5 iterations the fit converged.
final sum of squares of residuals : 87.5284
rel. change during last iteration : -3.21338e-06

degrees of freedom    (FIT_NDF)                        : 27
rms of residuals      (FIT_STDFIT) = sqrt(WSSR/ndf)    : 1.8005
variance of residuals (reduced chisquare) = WSSR/ndf   : 3.24179

Final set of parameters            Asymptotic Standard Error
=======================            ==========================
a1              = 0.0112206        +/- 0.004914     (43.79%)
b1              = 2.75034          +/- 0.157        (5.708%)
c1              = 0.491148         +/- 1.056        (215%)

correlation matrix of the fit parameters:
                a1     b1     c1     
a1              1.000 
b1             -0.970  1.000 
c1              0.770 -0.882  1.000 


*******************************************************************************
Fri Apr  7 14:47:52 2017


FIT:    data read from 'averages.csv' u ($1):($3)
        format = x:z
        x range restricted to [1.00000 : 30.0000]
        #datapoints = 30
        residuals are weighted equally (unit weight)

function used for fitting: g(x)
	g(x) = a2*x**2 + b2*x + c2
fitted parameters initialized with current variable values

iter      chisq       delta/lim  lambda   a2            b2            c2           
   0 5.2918494070e+06   0.00e+00  2.42e+02    1.000000e+00   1.000000e+00   1.000000e+00
   6 2.5546032560e+02  -7.18e-08  2.42e-04    2.760433e-03   7.654905e-01   3.895455e+00

After 6 iterations the fit converged.
final sum of squares of residuals : 255.46
rel. change during last iteration : -7.18274e-13

degrees of freedom    (FIT_NDF)                        : 27
rms of residuals      (FIT_STDFIT) = sqrt(WSSR/ndf)    : 3.07595
variance of residuals (reduced chisquare) = WSSR/ndf   : 9.46149

Final set of parameters            Asymptotic Standard Error
=======================            ==========================
a2              = 0.00276043       +/- 0.008395     (304.1%)
b2              = 0.76549          +/- 0.2682       (35.04%)
c2              = 3.89545          +/- 1.804        (46.3%)

correlation matrix of the fit parameters:
                a2     b2     c2     
a2              1.000 
b2             -0.970  1.000 
c2              0.770 -0.882  1.000 


*******************************************************************************
Fri Apr  7 14:47:52 2017


FIT:    data read from 'averages.csv' u ($1):($4)
        format = x:z
        x range restricted to [1.00000 : 30.0000]
        #datapoints = 30
        residuals are weighted equally (unit weight)

function used for fitting: h(x)
	h(x) = a3*x**2 + b3*x + c3
fitted parameters initialized with current variable values

iter      chisq       delta/lim  lambda   a3            b3            c3           
   0 5.6757433284e+06   0.00e+00  2.42e+02    1.000000e+00   1.000000e+00   1.000000e+00
   6 1.4000031978e-01  -6.19e-05  2.42e-04    1.403226e-04   3.115473e-03   2.881595e+00

After 6 iterations the fit converged.
final sum of squares of residuals : 0.14
rel. change during last iteration : -6.19277e-10

degrees of freedom    (FIT_NDF)                        : 27
rms of residuals      (FIT_STDFIT) = sqrt(WSSR/ndf)    : 0.0720083
variance of residuals (reduced chisquare) = WSSR/ndf   : 0.0051852

Final set of parameters            Asymptotic Standard Error
=======================            ==========================
a3              = 0.000140323      +/- 0.0001965    (140.1%)
b3              = 0.00311547       +/- 0.006279     (201.5%)
c3              = 2.8816           +/- 0.04222      (1.465%)

correlation matrix of the fit parameters:
                a3     b3     c3     
a3              1.000 
b3             -0.970  1.000 
c3              0.770 -0.882  1.000 


*******************************************************************************
Fri Apr  7 15:48:56 2017


FIT:    data read from 'averages.csv' u ($1):($24)
        format = x:z
        x range restricted to [1.00000 : 30.0000]
        #datapoints = 30
        residuals are weighted equally (unit weight)

function used for fitting: f(x)
	f(x) = a1/x
fitted parameters initialized with current variable values

iter      chisq       delta/lim  lambda   a1           
   0 3.6376567884e+08   0.00e+00  2.32e-01    1.000000e+00
   3 2.4907912826e+08  -5.32e-06  2.32e-04    8.435387e+03

After 3 iterations the fit converged.
final sum of squares of residuals : 2.49079e+08
rel. change during last iteration : -5.32011e-11

degrees of freedom    (FIT_NDF)                        : 29
rms of residuals      (FIT_STDFIT) = sqrt(WSSR/ndf)    : 2930.69
variance of residuals (reduced chisquare) = WSSR/ndf   : 8.58894e+06

Final set of parameters            Asymptotic Standard Error
=======================            ==========================
a1              = 8435.39          +/- 2308         (27.36%)


*******************************************************************************
Fri Apr  7 15:48:56 2017


FIT:    data read from 'averages.csv' u ($1):($25)
        format = x:z
        x range restricted to [1.00000 : 30.0000]
        #datapoints = 30
        residuals are weighted equally (unit weight)

function used for fitting: g(x)
	g(x) = a2*x**2 + b2*x + c2
fitted parameters initialized with current variable values

iter      chisq       delta/lim  lambda   a2            b2            c2           
   0 3.2534560937e+11   0.00e+00  2.42e+02    1.000000e+00   1.000000e+00   1.000000e+00
   6 1.7961153193e+08  -1.19e-04  2.42e-04   -2.546916e+01   8.066915e+02   9.994972e+04

After 6 iterations the fit converged.
final sum of squares of residuals : 1.79612e+08
rel. change during last iteration : -1.19185e-09

degrees of freedom    (FIT_NDF)                        : 27
rms of residuals      (FIT_STDFIT) = sqrt(WSSR/ndf)    : 2579.2
variance of residuals (reduced chisquare) = WSSR/ndf   : 6.65228e+06

Final set of parameters            Asymptotic Standard Error
=======================            ==========================
a2              = -25.4692         +/- 7.039        (27.64%)
b2              = 806.692          +/- 224.9        (27.88%)
c2              = 99949.7          +/- 1512         (1.513%)

correlation matrix of the fit parameters:
                a2     b2     c2     
a2              1.000 
b2             -0.970  1.000 
c2              0.770 -0.882  1.000 


*******************************************************************************
Fri Apr  7 15:49:17 2017


FIT:    data read from 'averages.csv' u ($1):($24)
        format = x:z
        x range restricted to [1.00000 : 30.0000]
        #datapoints = 30
        residuals are weighted equally (unit weight)

function used for fitting: f(x)
	f(x) = a1/x
fitted parameters initialized with current variable values

iter      chisq       delta/lim  lambda   a1           
   0 3.6376567884e+08   0.00e+00  2.32e-01    1.000000e+00
   3 2.4907912826e+08  -5.32e-06  2.32e-04    8.435387e+03

After 3 iterations the fit converged.
final sum of squares of residuals : 2.49079e+08
rel. change during last iteration : -5.32011e-11

degrees of freedom    (FIT_NDF)                        : 29
rms of residuals      (FIT_STDFIT) = sqrt(WSSR/ndf)    : 2930.69
variance of residuals (reduced chisquare) = WSSR/ndf   : 8.58894e+06

Final set of parameters            Asymptotic Standard Error
=======================            ==========================
a1              = 8435.39          +/- 2308         (27.36%)


*******************************************************************************
Fri Apr  7 15:49:17 2017


FIT:    data read from 'averages.csv' u ($1):($25)
        format = x:z
        x range restricted to [1.00000 : 30.0000]
        #datapoints = 30
        residuals are weighted equally (unit weight)

function used for fitting: g(x)
	g(x) = a2*x**2 + b2*x + c2
fitted parameters initialized with current variable values

iter      chisq       delta/lim  lambda   a2            b2            c2           
   0 3.2534560937e+11   0.00e+00  2.42e+02    1.000000e+00   1.000000e+00   1.000000e+00
   6 1.7961153193e+08  -1.19e-04  2.42e-04   -2.546916e+01   8.066915e+02   9.994972e+04

After 6 iterations the fit converged.
final sum of squares of residuals : 1.79612e+08
rel. change during last iteration : -1.19185e-09

degrees of freedom    (FIT_NDF)                        : 27
rms of residuals      (FIT_STDFIT) = sqrt(WSSR/ndf)    : 2579.2
variance of residuals (reduced chisquare) = WSSR/ndf   : 6.65228e+06

Final set of parameters            Asymptotic Standard Error
=======================            ==========================
a2              = -25.4692         +/- 7.039        (27.64%)
b2              = 806.692          +/- 224.9        (27.88%)
c2              = 99949.7          +/- 1512         (1.513%)

correlation matrix of the fit parameters:
                a2     b2     c2     
a2              1.000 
b2             -0.970  1.000 
c2              0.770 -0.882  1.000 


*******************************************************************************
Fri Apr  7 15:49:34 2017


FIT:    data read from 'averages.csv' u ($1):($24)
        format = x:z
        x range restricted to [1.00000 : 30.0000]
        #datapoints = 30
        residuals are weighted equally (unit weight)

function used for fitting: f(x)
	f(x) = a1/x
fitted parameters initialized with current variable values

iter      chisq       delta/lim  lambda   a1           
   0 3.6376567884e+08   0.00e+00  2.32e-01    1.000000e+00
   3 2.4907912826e+08  -5.32e-06  2.32e-04    8.435387e+03

After 3 iterations the fit converged.
final sum of squares of residuals : 2.49079e+08
rel. change during last iteration : -5.32011e-11

degrees of freedom    (FIT_NDF)                        : 29
rms of residuals      (FIT_STDFIT) = sqrt(WSSR/ndf)    : 2930.69
variance of residuals (reduced chisquare) = WSSR/ndf   : 8.58894e+06

Final set of parameters            Asymptotic Standard Error
=======================            ==========================
a1              = 8435.39          +/- 2308         (27.36%)


*******************************************************************************
Fri Apr  7 15:49:34 2017


FIT:    data read from 'averages.csv' u ($1):($25)
        format = x:z
        x range restricted to [1.00000 : 30.0000]
        #datapoints = 30
        residuals are weighted equally (unit weight)

function used for fitting: g(x)
	g(x) = a2*x**2 + b2*x + c2
fitted parameters initialized with current variable values

iter      chisq       delta/lim  lambda   a2            b2            c2           
   0 3.2534560937e+11   0.00e+00  2.42e+02    1.000000e+00   1.000000e+00   1.000000e+00
   6 1.7961153193e+08  -1.19e-04  2.42e-04   -2.546916e+01   8.066915e+02   9.994972e+04

After 6 iterations the fit converged.
final sum of squares of residuals : 1.79612e+08
rel. change during last iteration : -1.19185e-09

degrees of freedom    (FIT_NDF)                        : 27
rms of residuals      (FIT_STDFIT) = sqrt(WSSR/ndf)    : 2579.2
variance of residuals (reduced chisquare) = WSSR/ndf   : 6.65228e+06

Final set of parameters            Asymptotic Standard Error
=======================            ==========================
a2              = -25.4692         +/- 7.039        (27.64%)
b2              = 806.692          +/- 224.9        (27.88%)
c2              = 99949.7          +/- 1512         (1.513%)

correlation matrix of the fit parameters:
                a2     b2     c2     
a2              1.000 
b2             -0.970  1.000 
c2              0.770 -0.882  1.000 


*******************************************************************************
Fri Apr  7 15:49:49 2017


FIT:    data read from 'averages.csv' u ($1):($24)
        format = x:z
        x range restricted to [1.00000 : 30.0000]
        #datapoints = 30
        residuals are weighted equally (unit weight)

function used for fitting: f(x)
	f(x) = a1/x
fitted parameters initialized with current variable values

iter      chisq       delta/lim  lambda   a1           
   0 3.6376567884e+08   0.00e+00  2.32e-01    1.000000e+00
   3 2.4907912826e+08  -5.32e-06  2.32e-04    8.435387e+03

After 3 iterations the fit converged.
final sum of squares of residuals : 2.49079e+08
rel. change during last iteration : -5.32011e-11

degrees of freedom    (FIT_NDF)                        : 29
rms of residuals      (FIT_STDFIT) = sqrt(WSSR/ndf)    : 2930.69
variance of residuals (reduced chisquare) = WSSR/ndf   : 8.58894e+06

Final set of parameters            Asymptotic Standard Error
=======================            ==========================
a1              = 8435.39          +/- 2308         (27.36%)


*******************************************************************************
Fri Apr  7 15:49:49 2017


FIT:    data read from 'averages.csv' u ($1):($25)
        format = x:z
        x range restricted to [1.00000 : 30.0000]
        #datapoints = 30
        residuals are weighted equally (unit weight)

function used for fitting: g(x)
	g(x) = a2*x**2 + b2*x + c2
fitted parameters initialized with current variable values

iter      chisq       delta/lim  lambda   a2            b2            c2           
   0 3.2534560937e+11   0.00e+00  2.42e+02    1.000000e+00   1.000000e+00   1.000000e+00
   6 1.7961153193e+08  -1.19e-04  2.42e-04   -2.546916e+01   8.066915e+02   9.994972e+04

After 6 iterations the fit converged.
final sum of squares of residuals : 1.79612e+08
rel. change during last iteration : -1.19185e-09

degrees of freedom    (FIT_NDF)                        : 27
rms of residuals      (FIT_STDFIT) = sqrt(WSSR/ndf)    : 2579.2
variance of residuals (reduced chisquare) = WSSR/ndf   : 6.65228e+06

Final set of parameters            Asymptotic Standard Error
=======================            ==========================
a2              = -25.4692         +/- 7.039        (27.64%)
b2              = 806.692          +/- 224.9        (27.88%)
c2              = 99949.7          +/- 1512         (1.513%)

correlation matrix of the fit parameters:
                a2     b2     c2     
a2              1.000 
b2             -0.970  1.000 
c2              0.770 -0.882  1.000 


*******************************************************************************
Fri Apr  7 15:50:24 2017


FIT:    data read from 'averages.csv' u ($1):($24)
        format = x:z
        x range restricted to [1.00000 : 30.0000]
        #datapoints = 30
        residuals are weighted equally (unit weight)

function used for fitting: f(x)
	f(x) = a1*x**2 + b2*x + c2
fitted parameters initialized with current variable values



*******************************************************************************
Fri Apr  7 15:50:24 2017


FIT:    data read from 'averages.csv' u ($1):($25)
        format = x:z
        x range restricted to [1.00000 : 30.0000]
        #datapoints = 30
        residuals are weighted equally (unit weight)

function used for fitting: g(x)
	g(x) = a2*x**2 + b2*x + c2
fitted parameters initialized with current variable values

iter      chisq       delta/lim  lambda   a2            b2            c2           
   0 3.2534560937e+11   0.00e+00  2.42e+02    1.000000e+00   1.000000e+00   1.000000e+00
   6 1.7961153193e+08  -1.19e-04  2.42e-04   -2.546916e+01   8.066915e+02   9.994972e+04

After 6 iterations the fit converged.
final sum of squares of residuals : 1.79612e+08
rel. change during last iteration : -1.19185e-09

degrees of freedom    (FIT_NDF)                        : 27
rms of residuals      (FIT_STDFIT) = sqrt(WSSR/ndf)    : 2579.2
variance of residuals (reduced chisquare) = WSSR/ndf   : 6.65228e+06

Final set of parameters            Asymptotic Standard Error
=======================            ==========================
a2              = -25.4692         +/- 7.039        (27.64%)
b2              = 806.692          +/- 224.9        (27.88%)
c2              = 99949.7          +/- 1512         (1.513%)

correlation matrix of the fit parameters:
                a2     b2     c2     
a2              1.000 
b2             -0.970  1.000 
c2              0.770 -0.882  1.000 


*******************************************************************************
Fri Apr  7 15:50:52 2017


FIT:    data read from 'averages.csv' u ($1):($24)
        format = x:z
        x range restricted to [1.00000 : 30.0000]
        #datapoints = 30
        residuals are weighted equally (unit weight)

function used for fitting: f(x)
	f(x) = a1*x**2 + b1*x + c1
fitted parameters initialized with current variable values

iter      chisq       delta/lim  lambda   a1            b1            c1           
   0 3.0040486608e+08   0.00e+00  2.42e+02    1.000000e+00   1.000000e+00   1.000000e+00
   6 1.9956846377e+05  -1.19e-04  2.42e-04   -8.489719e-01   2.688972e+01   3.331657e+03

After 6 iterations the fit converged.
final sum of squares of residuals : 199568
rel. change during last iteration : -1.19124e-09

degrees of freedom    (FIT_NDF)                        : 27
rms of residuals      (FIT_STDFIT) = sqrt(WSSR/ndf)    : 85.9734
variance of residuals (reduced chisquare) = WSSR/ndf   : 7391.42

Final set of parameters            Asymptotic Standard Error
=======================            ==========================
a1              = -0.848972        +/- 0.2346       (27.64%)
b1              = 26.8897          +/- 7.497        (27.88%)
c1              = 3331.66          +/- 50.41        (1.513%)

correlation matrix of the fit parameters:
                a1     b1     c1     
a1              1.000 
b1             -0.970  1.000 
c1              0.770 -0.882  1.000 


*******************************************************************************
Fri Apr  7 15:50:52 2017


FIT:    data read from 'averages.csv' u ($1):($25)
        format = x:z
        x range restricted to [1.00000 : 30.0000]
        #datapoints = 30
        residuals are weighted equally (unit weight)

function used for fitting: g(x)
	g(x) = a2*x**2 + b2*x + c2
fitted parameters initialized with current variable values

iter      chisq       delta/lim  lambda   a2            b2            c2           
   0 3.2534560937e+11   0.00e+00  2.42e+02    1.000000e+00   1.000000e+00   1.000000e+00
   6 1.7961153193e+08  -1.19e-04  2.42e-04   -2.546916e+01   8.066915e+02   9.994972e+04

After 6 iterations the fit converged.
final sum of squares of residuals : 1.79612e+08
rel. change during last iteration : -1.19185e-09

degrees of freedom    (FIT_NDF)                        : 27
rms of residuals      (FIT_STDFIT) = sqrt(WSSR/ndf)    : 2579.2
variance of residuals (reduced chisquare) = WSSR/ndf   : 6.65228e+06

Final set of parameters            Asymptotic Standard Error
=======================            ==========================
a2              = -25.4692         +/- 7.039        (27.64%)
b2              = 806.692          +/- 224.9        (27.88%)
c2              = 99949.7          +/- 1512         (1.513%)

correlation matrix of the fit parameters:
                a2     b2     c2     
a2              1.000 
b2             -0.970  1.000 
c2              0.770 -0.882  1.000 


*******************************************************************************
Fri Apr  7 15:51:08 2017


FIT:    data read from 'averages.csv' u ($1):($24)
        format = x:z
        x range restricted to [1.00000 : 30.0000]
        #datapoints = 30
        residuals are weighted equally (unit weight)

function used for fitting: f(x)
	f(x) = a1*x**2 + b1*x + c1
fitted parameters initialized with current variable values

iter      chisq       delta/lim  lambda   a1            b1            c1           
   0 3.0040486608e+08   0.00e+00  2.42e+02    1.000000e+00   1.000000e+00   1.000000e+00
   6 1.9956846377e+05  -1.19e-04  2.42e-04   -8.489719e-01   2.688972e+01   3.331657e+03

After 6 iterations the fit converged.
final sum of squares of residuals : 199568
rel. change during last iteration : -1.19124e-09

degrees of freedom    (FIT_NDF)                        : 27
rms of residuals      (FIT_STDFIT) = sqrt(WSSR/ndf)    : 85.9734
variance of residuals (reduced chisquare) = WSSR/ndf   : 7391.42

Final set of parameters            Asymptotic Standard Error
=======================            ==========================
a1              = -0.848972        +/- 0.2346       (27.64%)
b1              = 26.8897          +/- 7.497        (27.88%)
c1              = 3331.66          +/- 50.41        (1.513%)

correlation matrix of the fit parameters:
                a1     b1     c1     
a1              1.000 
b1             -0.970  1.000 
c1              0.770 -0.882  1.000 


*******************************************************************************
Fri Apr  7 15:51:08 2017


FIT:    data read from 'averages.csv' u ($1):($25)
        format = x:z
        x range restricted to [1.00000 : 30.0000]
        #datapoints = 30
        residuals are weighted equally (unit weight)

function used for fitting: g(x)
	g(x) = a2*x**2 + b2*x + c2
fitted parameters initialized with current variable values

iter      chisq       delta/lim  lambda   a2            b2            c2           
   0 3.2534560937e+11   0.00e+00  2.42e+02    1.000000e+00   1.000000e+00   1.000000e+00
   6 1.7961153193e+08  -1.19e-04  2.42e-04   -2.546916e+01   8.066915e+02   9.994972e+04

After 6 iterations the fit converged.
final sum of squares of residuals : 1.79612e+08
rel. change during last iteration : -1.19185e-09

degrees of freedom    (FIT_NDF)                        : 27
rms of residuals      (FIT_STDFIT) = sqrt(WSSR/ndf)    : 2579.2
variance of residuals (reduced chisquare) = WSSR/ndf   : 6.65228e+06

Final set of parameters            Asymptotic Standard Error
=======================            ==========================
a2              = -25.4692         +/- 7.039        (27.64%)
b2              = 806.692          +/- 224.9        (27.88%)
c2              = 99949.7          +/- 1512         (1.513%)

correlation matrix of the fit parameters:
                a2     b2     c2     
a2              1.000 
b2             -0.970  1.000 
c2              0.770 -0.882  1.000 


*******************************************************************************
Fri Apr  7 15:51:27 2017


FIT:    data read from 'averages.csv' u ($1):($24)
        format = x:z
        x range restricted to [1.00000 : 30.0000]
        #datapoints = 30
        residuals are weighted equally (unit weight)

function used for fitting: f(x)
	f(x) = a1*x**2 + b1*x + c1
fitted parameters initialized with current variable values

iter      chisq       delta/lim  lambda   a1            b1            c1           
   0 3.0040486608e+08   0.00e+00  2.42e+02    1.000000e+00   1.000000e+00   1.000000e+00
   6 1.9956846377e+05  -1.19e-04  2.42e-04   -8.489719e-01   2.688972e+01   3.331657e+03

After 6 iterations the fit converged.
final sum of squares of residuals : 199568
rel. change during last iteration : -1.19124e-09

degrees of freedom    (FIT_NDF)                        : 27
rms of residuals      (FIT_STDFIT) = sqrt(WSSR/ndf)    : 85.9734
variance of residuals (reduced chisquare) = WSSR/ndf   : 7391.42

Final set of parameters            Asymptotic Standard Error
=======================            ==========================
a1              = -0.848972        +/- 0.2346       (27.64%)
b1              = 26.8897          +/- 7.497        (27.88%)
c1              = 3331.66          +/- 50.41        (1.513%)

correlation matrix of the fit parameters:
                a1     b1     c1     
a1              1.000 
b1             -0.970  1.000 
c1              0.770 -0.882  1.000 


*******************************************************************************
Fri Apr  7 15:51:27 2017


FIT:    data read from 'averages.csv' u ($1):($25)
        format = x:z
        x range restricted to [1.00000 : 30.0000]
        #datapoints = 30
        residuals are weighted equally (unit weight)

function used for fitting: g(x)
	g(x) = a2*x**2 + b2*x + c2
fitted parameters initialized with current variable values

iter      chisq       delta/lim  lambda   a2            b2            c2           
   0 3.2534560937e+11   0.00e+00  2.42e+02    1.000000e+00   1.000000e+00   1.000000e+00
   6 1.7961153193e+08  -1.19e-04  2.42e-04   -2.546916e+01   8.066915e+02   9.994972e+04

After 6 iterations the fit converged.
final sum of squares of residuals : 1.79612e+08
rel. change during last iteration : -1.19185e-09

degrees of freedom    (FIT_NDF)                        : 27
rms of residuals      (FIT_STDFIT) = sqrt(WSSR/ndf)    : 2579.2
variance of residuals (reduced chisquare) = WSSR/ndf   : 6.65228e+06

Final set of parameters            Asymptotic Standard Error
=======================            ==========================
a2              = -25.4692         +/- 7.039        (27.64%)
b2              = 806.692          +/- 224.9        (27.88%)
c2              = 99949.7          +/- 1512         (1.513%)

correlation matrix of the fit parameters:
                a2     b2     c2     
a2              1.000 
b2             -0.970  1.000 
c2              0.770 -0.882  1.000 


*******************************************************************************
Fri Apr  7 15:51:37 2017


FIT:    data read from 'averages.csv' u ($1):($24)
        format = x:z
        x range restricted to [1.00000 : 30.0000]
        #datapoints = 30
        residuals are weighted equally (unit weight)

function used for fitting: f(x)
	f(x) = a1*x**2 + b1*x + c1
fitted parameters initialized with current variable values

iter      chisq       delta/lim  lambda   a1            b1            c1           
   0 3.0040486608e+08   0.00e+00  2.42e+02    1.000000e+00   1.000000e+00   1.000000e+00
   6 1.9956846377e+05  -1.19e-04  2.42e-04   -8.489719e-01   2.688972e+01   3.331657e+03

After 6 iterations the fit converged.
final sum of squares of residuals : 199568
rel. change during last iteration : -1.19124e-09

degrees of freedom    (FIT_NDF)                        : 27
rms of residuals      (FIT_STDFIT) = sqrt(WSSR/ndf)    : 85.9734
variance of residuals (reduced chisquare) = WSSR/ndf   : 7391.42

Final set of parameters            Asymptotic Standard Error
=======================            ==========================
a1              = -0.848972        +/- 0.2346       (27.64%)
b1              = 26.8897          +/- 7.497        (27.88%)
c1              = 3331.66          +/- 50.41        (1.513%)

correlation matrix of the fit parameters:
                a1     b1     c1     
a1              1.000 
b1             -0.970  1.000 
c1              0.770 -0.882  1.000 


*******************************************************************************
Fri Apr  7 15:51:37 2017


FIT:    data read from 'averages.csv' u ($1):($25)
        format = x:z
        x range restricted to [1.00000 : 30.0000]
        #datapoints = 30
        residuals are weighted equally (unit weight)

function used for fitting: g(x)
	g(x) = a2*x**2 + b2*x + c2
fitted parameters initialized with current variable values

iter      chisq       delta/lim  lambda   a2            b2            c2           
   0 3.2534560937e+11   0.00e+00  2.42e+02    1.000000e+00   1.000000e+00   1.000000e+00
   6 1.7961153193e+08  -1.19e-04  2.42e-04   -2.546916e+01   8.066915e+02   9.994972e+04

After 6 iterations the fit converged.
final sum of squares of residuals : 1.79612e+08
rel. change during last iteration : -1.19185e-09

degrees of freedom    (FIT_NDF)                        : 27
rms of residuals      (FIT_STDFIT) = sqrt(WSSR/ndf)    : 2579.2
variance of residuals (reduced chisquare) = WSSR/ndf   : 6.65228e+06

Final set of parameters            Asymptotic Standard Error
=======================            ==========================
a2              = -25.4692         +/- 7.039        (27.64%)
b2              = 806.692          +/- 224.9        (27.88%)
c2              = 99949.7          +/- 1512         (1.513%)

correlation matrix of the fit parameters:
                a2     b2     c2     
a2              1.000 
b2             -0.970  1.000 
c2              0.770 -0.882  1.000 


*******************************************************************************
Fri Apr  7 16:19:28 2017


FIT:    data read from 'averages.csv' u ($1):($24)
        format = x:z
        x range restricted to [1.00000 : 30.0000]
        #datapoints = 30
        residuals are weighted equally (unit weight)

function used for fitting: f(x)
	f(x) = a1*x**2 + b1*x + c1
fitted parameters initialized with current variable values

iter      chisq       delta/lim  lambda   a1            b1            c1           
   0 3.0040486608e+08   0.00e+00  2.42e+02    1.000000e+00   1.000000e+00   1.000000e+00
   6 1.9956846377e+05  -1.19e-04  2.42e-04   -8.489719e-01   2.688972e+01   3.331657e+03

After 6 iterations the fit converged.
final sum of squares of residuals : 199568
rel. change during last iteration : -1.19124e-09

degrees of freedom    (FIT_NDF)                        : 27
rms of residuals      (FIT_STDFIT) = sqrt(WSSR/ndf)    : 85.9734
variance of residuals (reduced chisquare) = WSSR/ndf   : 7391.42

Final set of parameters            Asymptotic Standard Error
=======================            ==========================
a1              = -0.848972        +/- 0.2346       (27.64%)
b1              = 26.8897          +/- 7.497        (27.88%)
c1              = 3331.66          +/- 50.41        (1.513%)

correlation matrix of the fit parameters:
                a1     b1     c1     
a1              1.000 
b1             -0.970  1.000 
c1              0.770 -0.882  1.000 


*******************************************************************************
Fri Apr  7 16:19:28 2017


FIT:    data read from 'averages.csv' u ($1):($25)
        format = x:z
        x range restricted to [1.00000 : 30.0000]
        #datapoints = 30
        residuals are weighted equally (unit weight)

function used for fitting: g(x)
	g(x) = a2*x**2 + b2*x + c2
fitted parameters initialized with current variable values

iter      chisq       delta/lim  lambda   a2            b2            c2           
   0 3.2534560937e+11   0.00e+00  2.42e+02    1.000000e+00   1.000000e+00   1.000000e+00
   6 1.7961153193e+08  -1.19e-04  2.42e-04   -2.546916e+01   8.066915e+02   9.994972e+04

After 6 iterations the fit converged.
final sum of squares of residuals : 1.79612e+08
rel. change during last iteration : -1.19185e-09

degrees of freedom    (FIT_NDF)                        : 27
rms of residuals      (FIT_STDFIT) = sqrt(WSSR/ndf)    : 2579.2
variance of residuals (reduced chisquare) = WSSR/ndf   : 6.65228e+06

Final set of parameters            Asymptotic Standard Error
=======================            ==========================
a2              = -25.4692         +/- 7.039        (27.64%)
b2              = 806.692          +/- 224.9        (27.88%)
c2              = 99949.7          +/- 1512         (1.513%)

correlation matrix of the fit parameters:
                a2     b2     c2     
a2              1.000 
b2             -0.970  1.000 
c2              0.770 -0.882  1.000 
